-------------------------------------------------------------------------------
Test set: AmazonTest
-------------------------------------------------------------------------------
Tests run: 1, Failures: 1, Errors: 0, Skipped: 0, Time elapsed: 0.593 s <<< FAILURE! - in AmazonTest
testAmazonSearch(AmazonTest)  Time elapsed: 0.009 s  <<< FAILURE!
java.lang.NullPointerException: Cannot invoke "org.openqa.selenium.WebDriver.get(String)" because "this.driver" is null
	at AmazonTest.testAmazonSearch(AmazonTest.java:22)

